<?xml version="1.0" encoding="UTF-8"?>
<!-- Generated by org.testng.reporters.JUnitReportReporter -->
<testsuite hostname="HODT-123" failures="0" tests="10" name="drona.smoketestcases.mainClass" time="514.433" errors="0" timestamp="2024-12-06T00:09:31 IST" skipped="0">
  <testcase classname="drona.smoketestcases.mainClass" name="doctorOnboardingWorkflowTest" time="78.325"/>
  <system-out/>
  <testcase classname="drona.smoketestcases.mainClass" name="loginWorkflowTest" time="6.868"/>
  <system-out/>
  <testcase classname="drona.smoketestcases.mainClass" name="appointmentWorkflowTest" time="47.971"/>
  <system-out/>
  <testcase classname="drona.smoketestcases.mainClass" name="billMarkAsPaidWorkflowTest" time="26.196"/>
  <system-out/>
  <testcase classname="drona.smoketestcases.mainClass" name="createBillWorkflowTest" time="12.477"/>
  <system-out/>
  <testcase classname="drona.smoketestcases.mainClass" name="consultationUsingTemplateWorkflowTest" time="48.506"/>
  <system-out/>
  <testcase classname="drona.smoketestcases.mainClass" name="walkInConsultationWorkflowTest" time="206.201"/>
  <system-out/>
  <testcase classname="drona.smoketestcases.mainClass" name="fileUploadWorkflowTest" time="46.649"/>
  <system-out/>
  <testcase classname="drona.smoketestcases.mainClass" name="editPatientWorkflowTest" time="25.343"/>
  <system-out/>
  <testcase classname="drona.smoketestcases.mainClass" name="addNewPatientWorkflowTest" time="15.897"/>
  <system-out/>
</testsuite> <!-- drona.smoketestcases.mainClass -->
